<?xml version="1.0" encoding="utf-8"?>
<coverage line-rate="0.16940000000000002" branch-rate="0.3151" version="1.9" timestamp="1714576883" lines-covered="756" lines-valid="4462" branches-covered="75" branches-valid="238">
  <sources>
    <source>C:\Users\Nagaraj\Desktop\Hexaware-HotPotProject\HotPotProject\</source>
  </sources>
  <packages>
    <package name="HotPotProject" line-rate="0.16940000000000002" branch-rate="0.3151" complexity="733">
      <classes>
        <class name="AuthController" filename="Controllers\AuthController.cs" line-rate="0" branch-rate="0" complexity="6">
          <methods>
            <method name="getEncryptedPassword" signature="(System.String,System.Byte[])" line-rate="0" branch-rate="1" complexity="1">
              <lines>
                <line number="63" hits="0" branch="False" />
                <line number="64" hits="0" branch="False" />
                <line number="65" hits="0" branch="False" />
                <line number="66" hits="0" branch="False" />
                <line number="67" hits="0" branch="False" />
              </lines>
            </method>
            <method name="passwordMatch" signature="(System.Byte[],System.Byte[])" line-rate="0" branch-rate="0" complexity="4">
              <lines>
                <line number="69" hits="0" branch="False" />
                <line number="70" hits="0" branch="True" condition-coverage="0% (0/2)">
                  <conditions>
                    <condition number="38" type="jump" coverage="0%" />
                  </conditions>
                </line>
                <line number="71" hits="0" branch="False" />
                <line number="72" hits="0" branch="True" condition-coverage="0% (0/2)">
                  <conditions>
                    <condition number="19" type="jump" coverage="0%" />
                  </conditions>
                </line>
                <line number="73" hits="0" branch="False" />
                <line number="74" hits="0" branch="False" />
                <line number="75" hits="0" branch="False" />
                <line number="76" hits="0" branch="False" />
              </lines>
            </method>
            <method name=".ctor" signature="(HotPotProject.Context.ApplicationTrackerContext,HotPotProject.Services.AuthServices,HotPotProject.Interfaces.ITokenServices,Microsoft.Extensions.Logging.ILogger`1&lt;AuthController&gt;)" line-rate="0" branch-rate="1" complexity="1">
              <lines>
                <line number="20" hits="0" branch="False" />
                <line number="21" hits="0" branch="False" />
                <line number="22" hits="0" branch="False" />
                <line number="23" hits="0" branch="False" />
                <line number="24" hits="0" branch="False" />
                <line number="25" hits="0" branch="False" />
                <line number="27" hits="0" branch="False" />
              </lines>
            </method>
          </methods>
          <lines>
            <line number="63" hits="0" branch="False" />
            <line number="64" hits="0" branch="False" />
            <line number="65" hits="0" branch="False" />
            <line number="66" hits="0" branch="False" />
            <line number="67" hits="0" branch="False" />
            <line number="69" hits="0" branch="False" />
            <line number="70" hits="0" branch="True" condition-coverage="0% (0/2)">
              <conditions>
                <condition number="38" type="jump" coverage="0%" />
              </conditions>
            </line>
            <line number="71" hits="0" branch="False" />
            <line number="72" hits="0" branch="True" condition-coverage="0% (0/2)">
              <conditions>
                <condition number="19" type="jump" coverage="0%" />
              </conditions>
            </line>
            <line number="73" hits="0" branch="False" />
            <line number="74" hits="0" branch="False" />
            <line number="75" hits="0" branch="False" />
            <line number="76" hits="0" branch="False" />
            <line number="20" hits="0" branch="False" />
            <line number="21" hits="0" branch="False" />
            <line number="22" hits="0" branch="False" />
            <line number="23" hits="0" branch="False" />
            <line number="24" hits="0" branch="False" />
            <line number="25" hits="0" branch="False" />
            <line number="27" hits="0" branch="False" />
          </lines>
        </class>
        <class name="AuthController/&lt;Login&gt;d__5" filename="Controllers\AuthController.cs" line-rate="0" branch-rate="0" complexity="4">
          <methods>
            <method name="MoveNext" signature="()" line-rate="0" branch-rate="0" complexity="4">
              <lines>
                <line number="31" hits="0" branch="False" />
                <line number="33" hits="0" branch="False" />
                <line number="35" hits="0" branch="False" />
                <line number="36" hits="0" branch="True" condition-coverage="0% (0/2)">
                  <conditions>
                    <condition number="190" type="jump" coverage="0%" />
                  </conditions>
                </line>
                <line number="37" hits="0" branch="False" />
                <line number="38" hits="0" branch="False" />
                <line number="39" hits="0" branch="False" />
                <line number="40" hits="0" branch="True" condition-coverage="0% (0/2)">
                  <conditions>
                    <condition number="281" type="jump" coverage="0%" />
                  </conditions>
                </line>
                <line number="41" hits="0" branch="False" />
                <line number="42" hits="0" branch="False" />
                <line number="43" hits="0" branch="False" />
                <line number="44" hits="0" branch="False" />
                <line number="45" hits="0" branch="False" />
                <line number="46" hits="0" branch="False" />
                <line number="50" hits="0" branch="False" />
                <line number="52" hits="0" branch="False" />
                <line number="55" hits="0" branch="False" />
                <line number="56" hits="0" branch="False" />
                <line number="58" hits="0" branch="False" />
                <line number="59" hits="0" branch="False" />
                <line number="61" hits="0" branch="False" />
              </lines>
            </method>
          </methods>
          <lines>
            <line number="31" hits="0" branch="False" />
            <line number="33" hits="0" branch="False" />
            <line number="35" hits="0" branch="False" />
            <line number="36" hits="0" branch="True" condition-coverage="0% (0/2)">
              <conditions>
                <condition number="190" type="jump" coverage="0%" />
              </conditions>
            </line>
            <line number="37" hits="0" branch="False" />
            <line number="38" hits="0" branch="False" />
            <line number="39" hits="0" branch="False" />
            <line number="40" hits="0" branch="True" condition-coverage="0% (0/2)">
              <conditions>
                <condition number="281" type="jump" coverage="0%" />
              </conditions>
            </line>
            <line number="41" hits="0" branch="False" />
            <line number="42" hits="0" branch="False" />
            <line number="43" hits="0" branch="False" />
            <line number="44" hits="0" branch="False" />
            <line number="45" hits="0" branch="False" />
            <line number="46" hits="0" branch="False" />
            <line number="50" hits="0" branch="False" />
            <line number="52" hits="0" branch="False" />
            <line number="55" hits="0" branch="False" />
            <line number="56" hits="0" branch="False" />
            <line number="58" hits="0" branch="False" />
            <line number="59" hits="0" branch="False" />
            <line number="61" hits="0" branch="False" />
          </lines>
        </class>
        <class name="HotPotProject.Program" filename="Program.cs" line-rate="0" branch-rate="0" complexity="2">
          <methods>
            <method name="Main" signature="(System.String[])" line-rate="0" branch-rate="0" complexity="2">
              <lines>
                <line number="18" hits="0" branch="False" />
                <line number="19" hits="0" branch="False" />
                <line number="23" hits="0" branch="False" />
                <line number="25" hits="0" branch="False" />
                <line number="27" hits="0" branch="False" />
                <line number="28" hits="0" branch="False" />
                <line number="29" hits="0" branch="False" />
                <line number="30" hits="0" branch="False" />
                <line number="31" hits="0" branch="False" />
                <line number="32" hits="0" branch="False" />
                <line number="33" hits="0" branch="False" />
                <line number="34" hits="0" branch="False" />
                <line number="35" hits="0" branch="False" />
                <line number="36" hits="0" branch="False" />
                <line number="37" hits="0" branch="False" />
                <line number="38" hits="0" branch="False" />
                <line number="39" hits="0" branch="False" />
                <line number="40" hits="0" branch="False" />
                <line number="41" hits="0" branch="False" />
                <line number="42" hits="0" branch="False" />
                <line number="43" hits="0" branch="False" />
                <line number="44" hits="0" branch="False" />
                <line number="45" hits="0" branch="False" />
                <line number="46" hits="0" branch="False" />
                <line number="47" hits="0" branch="False" />
                <line number="48" hits="0" branch="False" />
                <line number="49" hits="0" branch="False" />
                <line number="50" hits="0" branch="False" />
                <line number="51" hits="0" branch="False" />
                <line number="52" hits="0" branch="False" />
                <line number="53" hits="0" branch="False" />
                <line number="54" hits="0" branch="False" />
                <line number="56" hits="0" branch="False" />
                <line number="57" hits="0" branch="False" />
                <line number="58" hits="0" branch="False" />
                <line number="59" hits="0" branch="False" />
                <line number="60" hits="0" branch="False" />
                <line number="61" hits="0" branch="False" />
                <line number="62" hits="0" branch="False" />
                <line number="63" hits="0" branch="False" />
                <line number="64" hits="0" branch="False" />
                <line number="65" hits="0" branch="False" />
                <line number="66" hits="0" branch="False" />
                <line number="67" hits="0" branch="False" />
                <line number="69" hits="0" branch="False" />
                <line number="70" hits="0" branch="False" />
                <line number="71" hits="0" branch="False" />
                <line number="72" hits="0" branch="False" />
                <line number="73" hits="0" branch="False" />
                <line number="74" hits="0" branch="False" />
                <line number="75" hits="0" branch="False" />
                <line number="76" hits="0" branch="False" />
                <line number="77" hits="0" branch="False" />
                <line number="78" hits="0" branch="False" />
                <line number="79" hits="0" branch="False" />
                <line number="81" hits="0" branch="False" />
                <line number="82" hits="0" branch="False" />
                <line number="83" hits="0" branch="False" />
                <line number="84" hits="0" branch="False" />
                <line number="87" hits="0" branch="False" />
                <line number="88" hits="0" branch="False" />
                <line number="89" hits="0" branch="False" />
                <line number="90" hits="0" branch="False" />
                <line number="91" hits="0" branch="False" />
                <line number="92" hits="0" branch="False" />
                <line number="93" hits="0" branch="False" />
                <line number="94" hits="0" branch="False" />
                <line number="95" hits="0" branch="False" />
                <line number="96" hits="0" branch="False" />
                <line number="97" hits="0" branch="False" />
                <line number="98" hits="0" branch="False" />
                <line number="99" hits="0" branch="False" />
                <line number="100" hits="0" branch="False" />
                <line number="101" hits="0" branch="False" />
                <line number="102" hits="0" branch="False" />
                <line number="103" hits="0" branch="False" />
                <line number="106" hits="0" branch="False" />
                <line number="107" hits="0" branch="False" />
                <line number="108" hits="0" branch="False" />
                <line number="109" hits="0" branch="False" />
                <line number="110" hits="0" branch="False" />
                <line number="111" hits="0" branch="False" />
                <line number="115" hits="0" branch="False" />
                <line number="118" hits="0" branch="True" condition-coverage="0% (0/2)">
                  <conditions>
                    <condition number="635" type="jump" coverage="0%" />
                  </conditions>
                </line>
                <line number="119" hits="0" branch="False" />
                <line number="120" hits="0" branch="False" />
                <line number="121" hits="0" branch="False" />
                <line number="122" hits="0" branch="False" />
                <line number="124" hits="0" branch="False" />
                <line number="125" hits="0" branch="False" />
                <line number="126" hits="0" branch="False" />
                <line number="129" hits="0" branch="False" />
                <line number="131" hits="0" branch="False" />
                <line number="132" hits="0" branch="False" />
              </lines>
            </method>
          </methods>
          <lines>
            <line number="18" hits="0" branch="False" />
            <line number="19" hits="0" branch="False" />
            <line number="23" hits="0" branch="False" />
            <line number="25" hits="0" branch="False" />
            <line number="27" hits="0" branch="False" />
            <line number="28" hits="0" branch="False" />
            <line number="29" hits="0" branch="False" />
            <line number="30" hits="0" branch="False" />
            <line number="31" hits="0" branch="False" />
            <line number="32" hits="0" branch="False" />
            <line number="33" hits="0" branch="False" />
            <line number="34" hits="0" branch="False" />
            <line number="35" hits="0" branch="False" />
            <line number="36" hits="0" branch="False" />
            <line number="37" hits="0" branch="False" />
            <line number="38" hits="0" branch="False" />
            <line number="39" hits="0" branch="False" />
            <line number="40" hits="0" branch="False" />
            <line number="41" hits="0" branch="False" />
            <line number="42" hits="0" branch="False" />
            <line number="43" hits="0" branch="False" />
            <line number="44" hits="0" branch="False" />
            <line number="45" hits="0" branch="False" />
            <line number="46" hits="0" branch="False" />
            <line number="47" hits="0" branch="False" />
            <line number="48" hits="0" branch="False" />
            <line number="49" hits="0" branch="False" />
            <line number="50" hits="0" branch="False" />
            <line number="51" hits="0" branch="False" />
            <line number="52" hits="0" branch="False" />
            <line number="53" hits="0" branch="False" />
            <line number="54" hits="0" branch="False" />
            <line number="56" hits="0" branch="False" />
            <line number="57" hits="0" branch="False" />
            <line number="58" hits="0" branch="False" />
            <line number="59" hits="0" branch="False" />
            <line number="60" hits="0" branch="False" />
            <line number="61" hits="0" branch="False" />
            <line number="62" hits="0" branch="False" />
            <line number="63" hits="0" branch="False" />
            <line number="64" hits="0" branch="False" />
            <line number="65" hits="0" branch="False" />
            <line number="66" hits="0" branch="False" />
            <line number="67" hits="0" branch="False" />
            <line number="69" hits="0" branch="False" />
            <line number="70" hits="0" branch="False" />
            <line number="71" hits="0" branch="False" />
            <line number="72" hits="0" branch="False" />
            <line number="73" hits="0" branch="False" />
            <line number="74" hits="0" branch="False" />
            <line number="75" hits="0" branch="False" />
            <line number="76" hits="0" branch="False" />
            <line number="77" hits="0" branch="False" />
            <line number="78" hits="0" branch="False" />
            <line number="79" hits="0" branch="False" />
            <line number="81" hits="0" branch="False" />
            <line number="82" hits="0" branch="False" />
            <line number="83" hits="0" branch="False" />
            <line number="84" hits="0" branch="False" />
            <line number="87" hits="0" branch="False" />
            <line number="88" hits="0" branch="False" />
            <line number="89" hits="0" branch="False" />
            <line number="90" hits="0" branch="False" />
            <line number="91" hits="0" branch="False" />
            <line number="92" hits="0" branch="False" />
            <line number="93" hits="0" branch="False" />
            <line number="94" hits="0" branch="False" />
            <line number="95" hits="0" branch="False" />
            <line number="96" hits="0" branch="False" />
            <line number="97" hits="0" branch="False" />
            <line number="98" hits="0" branch="False" />
            <line number="99" hits="0" branch="False" />
            <line number="100" hits="0" branch="False" />
            <line number="101" hits="0" branch="False" />
            <line number="102" hits="0" branch="False" />
            <line number="103" hits="0" branch="False" />
            <line number="106" hits="0" branch="False" />
            <line number="107" hits="0" branch="False" />
            <line number="108" hits="0" branch="False" />
            <line number="109" hits="0" branch="False" />
            <line number="110" hits="0" branch="False" />
            <line number="111" hits="0" branch="False" />
            <line number="115" hits="0" branch="False" />
            <line number="118" hits="0" branch="True" condition-coverage="0% (0/2)">
              <conditions>
                <condition number="635" type="jump" coverage="0%" />
              </conditions>
            </line>
            <line number="119" hits="0" branch="False" />
            <line number="120" hits="0" branch="False" />
            <line number="121" hits="0" branch="False" />
            <line number="122" hits="0" branch="False" />
            <line number="124" hits="0" branch="False" />
            <line number="125" hits="0" branch="False" />
            <line number="126" hits="0" branch="False" />
            <line number="129" hits="0" branch="False" />
            <line number="131" hits="0" branch="False" />
            <line number="132" hits="0" branch="False" />
          </lines>
        </class>
        <class name="HotPotProject.WeatherForecast" filename="WeatherForecast.cs" line-rate="0" branch-rate="1" complexity="4">
          <methods>
            <method name="get_Date" signature="()" line-rate="0" branch-rate="1" complexity="1">
              <lines>
                <line number="5" hits="0" branch="False" />
              </lines>
            </method>
            <method name="get_TemperatureC" signature="()" line-rate="0" branch-rate="1" complexity="1">
              <lines>
                <line number="7" hits="0" branch="False" />
              </lines>
            </method>
            <method name="get_TemperatureF" signature="()" line-rate="0" branch-rate="1" complexity="1">
              <lines>
                <line number="9" hits="0" branch="False" />
              </lines>
            </method>
            <method name="get_Summary" signature="()" line-rate="0" branch-rate="1" complexity="1">
              <lines>
                <line number="11" hits="0" branch="False" />
              </lines>
            </method>
          </methods>
          <lines>
            <line number="5" hits="0" branch="False" />
            <line number="7" hits="0" branch="False" />
            <line number="9" hits="0" branch="False" />
            <line number="11" hits="0" branch="False" />
          </lines>
        </class>
        <class name="HotPotProject.Services.AdminServices" filename="Services\AdminServices.cs" line-rate="0" branch-rate="0" complexity="6">
          <methods>
            <method name="passwordMatch" signature="(System.Byte[],System.Byte[])" line-rate="0" branch-rate="0" complexity="4">
              <lines>
                <line number="39" hits="0" branch="False" />
                <line number="40" hits="0" branch="True" condition-coverage="0% (0/2)">
                  <conditions>
                    <condition number="38" type="jump" coverage="0%" />
                  </conditions>
                </line>
                <line number="41" hits="0" branch="False" />
                <line number="42" hits="0" branch="True" condition-coverage="0% (0/2)">
                  <conditions>
                    <condition number="19" type="jump" coverage="0%" />
                  </conditions>
                </line>
                <line number="43" hits="0" branch="False" />
                <line number="44" hits="0" branch="False" />
                <line number="45" hits="0" branch="False" />
                <line number="46" hits="0" branch="False" />
              </lines>
            </method>
            <method name="getEncryptedPassword" signature="(System.String,System.Byte[])" line-rate="0" branch-rate="1" complexity="1">
              <lines>
                <line number="49" hits="0" branch="False" />
                <line number="50" hits="0" branch="False" />
                <line number="51" hits="0" branch="False" />
                <line number="52" hits="0" branch="False" />
                <line number="53" hits="0" branch="False" />
              </lines>
            </method>
            <method name=".ctor" signature="(HotPotProject.Interfaces.IRepository`3&lt;System.Int32,System.String,HotPotProject.Models.User&gt;,HotPotProject.Interfaces.ITokenServices)" line-rate="0" branch-rate="1" complexity="1">
              <lines>
                <line number="16" hits="0" branch="False" />
                <line number="17" hits="0" branch="False" />
                <line number="18" hits="0" branch="False" />
                <line number="19" hits="0" branch="False" />
                <line number="20" hits="0" branch="False" />
              </lines>
            </method>
          </methods>
          <lines>
            <line number="39" hits="0" branch="False" />
            <line number="40" hits="0" branch="True" condition-coverage="0% (0/2)">
              <conditions>
                <condition number="38" type="jump" coverage="0%" />
              </conditions>
            </line>
            <line number="41" hits="0" branch="False" />
            <line number="42" hits="0" branch="True" condition-coverage="0% (0/2)">
              <conditions>
                <condition number="19" type="jump" coverage="0%" />
              </conditions>
            </line>
            <line number="43" hits="0" branch="False" />
            <line number="44" hits="0" branch="False" />
            <line number="45" hits="0" branch="False" />
            <line number="46" hits="0" branch="False" />
            <line number="49" hits="0" branch="False" />
            <line number="50" hits="0" branch="False" />
            <line number="51" hits="0" branch="False" />
            <line number="52" hits="0" branch="False" />
            <line number="53" hits="0" branch="False" />
            <line number="16" hits="0" branch="False" />
            <line number="17" hits="0" branch="False" />
            <line number="18" hits="0" branch="False" />
            <line number="19" hits="0" branch="False" />
            <line number="20" hits="0" branch="False" />
          </lines>
        </class>
        <class name="HotPotProject.Services.AdminServices/&lt;LoginAdmin&gt;d__3" filename="Services\AdminServices.cs" line-rate="0" branch-rate="0" complexity="4">
          <methods>
            <method name="MoveNext" signature="()" line-rate="0" branch-rate="0" complexity="4">
              <lines>
                <line number="22" hits="0" branch="False" />
                <line number="23" hits="0" branch="False" />
                <line number="24" hits="0" branch="True" condition-coverage="0% (0/2)">
                  <conditions>
                    <condition number="180" type="jump" coverage="0%" />
                  </conditions>
                </line>
                <line number="25" hits="0" branch="False" />
                <line number="26" hits="0" branch="False" />
                <line number="27" hits="0" branch="False" />
                <line number="28" hits="0" branch="True" condition-coverage="0% (0/2)">
                  <conditions>
                    <condition number="271" type="jump" coverage="0%" />
                  </conditions>
                </line>
                <line number="29" hits="0" branch="False" />
                <line number="30" hits="0" branch="False" />
                <line number="31" hits="0" branch="False" />
                <line number="32" hits="0" branch="False" />
                <line number="33" hits="0" branch="False" />
                <line number="35" hits="0" branch="False" />
                <line number="36" hits="0" branch="False" />
              </lines>
            </method>
          </methods>
          <lines>
            <line number="22" hits="0" branch="False" />
            <line number="23" hits="0" branch="False" />
            <line number="24" hits="0" branch="True" condition-coverage="0% (0/2)">
              <conditions>
                <condition number="180" type="jump" coverage="0%" />
              </conditions>
            </line>
            <line number="25" hits="0" branch="False" />
            <line number="26" hits="0" branch="False" />
            <line number="27" hits="0" branch="False" />
            <line number="28" hits="0" branch="True" condition-coverage="0% (0/2)">
              <conditions>
                <condition number="271" type="jump" coverage="0%" />
              </conditions>
            </line>
            <line number="29" hits="0" branch="False" />
            <line number="30" hits="0" branch="False" />
            <line number="31" hits="0" branch="False" />
            <line number="32" hits="0" branch="False" />
            <line number="33" hits="0" branch="False" />
            <line number="35" hits="0" branch="False" />
            <line number="36" hits="0" branch="False" />
          </lines>
        </class>
        <class name="HotPotProject.Services.AdminServices/&lt;RegisterAdmin&gt;d__6" filename="Services\AdminServices.cs" line-rate="0" branch-rate="1" complexity="1">
          <methods>
            <method name="MoveNext" signature="()" line-rate="0" branch-rate="1" complexity="1">
              <lines>
                <line number="56" hits="0" branch="False" />
                <line number="57" hits="0" branch="False" />
                <line number="58" hits="0" branch="False" />
                <line number="59" hits="0" branch="False" />
                <line number="60" hits="0" branch="False" />
                <line number="61" hits="0" branch="False" />
                <line number="62" hits="0" branch="False" />
                <line number="63" hits="0" branch="False" />
                <line number="64" hits="0" branch="False" />
                <line number="65" hits="0" branch="False" />
                <line number="66" hits="0" branch="False" />
                <line number="67" hits="0" branch="False" />
              </lines>
            </method>
          </methods>
          <lines>
            <line number="56" hits="0" branch="False" />
            <line number="57" hits="0" branch="False" />
            <line number="58" hits="0" branch="False" />
            <line number="59" hits="0" branch="False" />
            <line number="60" hits="0" branch="False" />
            <line number="61" hits="0" branch="False" />
            <line number="62" hits="0" branch="False" />
            <line number="63" hits="0" branch="False" />
            <line number="64" hits="0" branch="False" />
            <line number="65" hits="0" branch="False" />
            <line number="66" hits="0" branch="False" />
            <line number="67" hits="0" branch="False" />
          </lines>
        </class>
        <class name="HotPotProject.Services.AuthServices" filename="Services\AuthServices.cs" line-rate="0" branch-rate="1" complexity="1">
          <methods>
            <method name=".ctor" signature="(HotPotProject.Context.ApplicationTrackerContext)" line-rate="0" branch-rate="1" complexity="1">
              <lines>
                <line number="14" hits="0" branch="False" />
                <line number="15" hits="0" branch="False" />
                <line number="16" hits="0" branch="False" />
                <line number="17" hits="0" branch="False" />
              </lines>
            </method>
          </methods>
          <lines>
            <line number="14" hits="0" branch="False" />
            <line number="15" hits="0" branch="False" />
            <line number="16" hits="0" branch="False" />
            <line number="17" hits="0" branch="False" />
          </lines>
        </class>
        <class name="HotPotProject.Services.AuthServices/&lt;GetUserByUserNameAsync&gt;d__2" filename="Services\AuthServices.cs" line-rate="0" branch-rate="1" complexity="1">
          <methods>
            <method name="MoveNext" signature="()" line-rate="0" branch-rate="1" complexity="1">
              <lines>
                <line number="20" hits="0" branch="False" />
                <line number="21" hits="0" branch="False" />
                <line number="22" hits="0" branch="False" />
              </lines>
            </method>
          </methods>
          <lines>
            <line number="20" hits="0" branch="False" />
            <line number="21" hits="0" branch="False" />
            <line number="22" hits="0" branch="False" />
          </lines>
        </class>
        <class name="HotPotProject.Services.CustomerServices" filename="Services\CustomerServices.cs" line-rate="1" branch-rate="1" complexity="1">
          <methods>
            <method name=".ctor" signature="(HotPotProject.Interfaces.IRepository`3&lt;System.Int32,System.String,HotPotProject.Models.Customer&gt;,HotPotProject.Interfaces.IRepository`3&lt;System.Int32,System.String,HotPotProject.Models.User&gt;,HotPotProject.Interfaces.IRepository`3&lt;System.Int32,System.String,HotPotProject.Models.Menu&gt;,HotPotProject.Interfaces.IRepository`3&lt;System.Int32,System.String,HotPotProject.Models.Cart&gt;,HotPotProject.Interfaces.IRepository`3&lt;System.Int32,System.String,HotPotProject.Models.Order&gt;,HotPotProject.Interfaces.IRepository`3&lt;System.Int32,System.String,HotPotProject.Models.OrderItem&gt;,HotPotProject.Interfaces.IRepository`3&lt;System.Int32,System.String,HotPotProject.Models.Payment&gt;,HotPotProject.Interfaces.IRepository`3&lt;System.Int32,System.String,HotPotProject.Models.Restaurant&gt;,HotPotProject.Interfaces.IRepository`3&lt;System.Int32,System.String,HotPotProject.Models.City&gt;,HotPotProject.Interfaces.IRepository`3&lt;System.Int32,System.String,HotPotProject.Models.CustomerAddress&gt;,HotPotProject.Interfaces.IRepository`3&lt;System.Int32,System.String,HotPotProject.Models.CustomerReview&gt;,HotPotProject.Interfaces.IRepository`3&lt;System.Int32,System.String,HotPotProject.Models.DeliveryPartner&gt;,HotPotProject.Interfaces.ITokenServices,Microsoft.Extensions.Logging.ILogger`1&lt;HotPotProject.Services.CustomerServices&gt;)" line-rate="1" branch-rate="1" complexity="1">
              <lines>
                <line number="30" hits="34" branch="False" />
                <line number="31" hits="34" branch="False" />
                <line number="32" hits="34" branch="False" />
                <line number="33" hits="34" branch="False" />
                <line number="34" hits="34" branch="False" />
                <line number="35" hits="34" branch="False" />
                <line number="36" hits="34" branch="False" />
                <line number="37" hits="34" branch="False" />
                <line number="38" hits="34" branch="False" />
                <line number="39" hits="34" branch="False" />
                <line number="40" hits="34" branch="False" />
                <line number="41" hits="34" branch="False" />
                <line number="42" hits="34" branch="False" />
                <line number="43" hits="34" branch="False" />
                <line number="44" hits="34" branch="False" />
                <line number="45" hits="34" branch="False" />
                <line number="46" hits="34" branch="False" />
                <line number="47" hits="34" branch="False" />
                <line number="48" hits="34" branch="False" />
                <line number="49" hits="34" branch="False" />
                <line number="50" hits="34" branch="False" />
                <line number="51" hits="34" branch="False" />
                <line number="52" hits="34" branch="False" />
                <line number="53" hits="34" branch="False" />
                <line number="54" hits="34" branch="False" />
                <line number="55" hits="34" branch="False" />
                <line number="56" hits="34" branch="False" />
                <line number="57" hits="34" branch="False" />
                <line number="58" hits="34" branch="False" />
                <line number="59" hits="34" branch="False" />
              </lines>
            </method>
          </methods>
          <lines>
            <line number="30" hits="34" branch="False" />
            <line number="31" hits="34" branch="False" />
            <line number="32" hits="34" branch="False" />
            <line number="33" hits="34" branch="False" />
            <line number="34" hits="34" branch="False" />
            <line number="35" hits="34" branch="False" />
            <line number="36" hits="34" branch="False" />
            <line number="37" hits="34" branch="False" />
            <line number="38" hits="34" branch="False" />
            <line number="39" hits="34" branch="False" />
            <line number="40" hits="34" branch="False" />
            <line number="41" hits="34" branch="False" />
            <line number="42" hits="34" branch="False" />
            <line number="43" hits="34" branch="False" />
            <line number="44" hits="34" branch="False" />
            <line number="45" hits="34" branch="False" />
            <line number="46" hits="34" branch="False" />
            <line number="47" hits="34" branch="False" />
            <line number="48" hits="34" branch="False" />
            <line number="49" hits="34" branch="False" />
            <line number="50" hits="34" branch="False" />
            <line number="51" hits="34" branch="False" />
            <line number="52" hits="34" branch="False" />
            <line number="53" hits="34" branch="False" />
            <line number="54" hits="34" branch="False" />
            <line number="55" hits="34" branch="False" />
            <line number="56" hits="34" branch="False" />
            <line number="57" hits="34" branch="False" />
            <line number="58" hits="34" branch="False" />
            <line number="59" hits="34" branch="False" />
          </lines>
        </class>
        <class name="HotPotProject.Services.CustomerServices/&lt;&gt;c" filename="Services\CustomerServices.cs" line-rate="0.6666" branch-rate="1" complexity="3">
          <methods>
            <method name="&lt;PlaceOrder&gt;b__22_1" signature="(HotPotProject.Models.Cart)" line-rate="0" branch-rate="1" complexity="1">
              <lines>
                <line number="158" hits="0" branch="False" />
              </lines>
            </method>
            <method name="&lt;GetCarts&gt;b__26_1" signature="(HotPotProject.Models.Cart)" line-rate="1" branch-rate="1" complexity="1">
              <lines>
                <line number="376" hits="5" branch="False" />
              </lines>
            </method>
            <method name="&lt;EmptyCart&gt;b__28_1" signature="(HotPotProject.Models.Cart)" line-rate="1" branch-rate="1" complexity="1">
              <lines>
                <line number="416" hits="5" branch="False" />
              </lines>
            </method>
          </methods>
          <lines>
            <line number="158" hits="0" branch="False" />
            <line number="376" hits="5" branch="False" />
            <line number="416" hits="5" branch="False" />
          </lines>
        </class>
        <class name="HotPotProject.Services.CustomerServices/&lt;&gt;c__DisplayClass19_0" filename="Services\CustomerServices.cs" line-rate="1" branch-rate="1" complexity="1">
          <methods>
            <method name="&lt;GetMenuByRestaurant&gt;b__0" signature="(HotPotProject.Models.Menu)" line-rate="1" branch-rate="1" complexity="1">
              <lines>
                <line number="126" hits="5" branch="False" />
              </lines>
            </method>
          </methods>
          <lines>
            <line number="126" hits="5" branch="False" />
          </lines>
        </class>
        <class name="HotPotProject.Services.CustomerServices/&lt;&gt;c__DisplayClass21_0" filename="Services\CustomerServices.cs" line-rate="1" branch-rate="1" complexity="1">
          <methods>
            <method name="&lt;GetRestaurantsByCity&gt;b__0" signature="(HotPotProject.Models.Restaurant)" line-rate="1" branch-rate="1" complexity="1">
              <lines>
                <line number="148" hits="5" branch="False" />
              </lines>
            </method>
          </methods>
          <lines>
            <line number="148" hits="5" branch="False" />
          </lines>
        </class>
        <class name="HotPotProject.Services.CustomerServices/&lt;&gt;c__DisplayClass22_1" filename="Services\CustomerServices.cs" line-rate="0" branch-rate="1" complexity="1">
          <methods>
            <method name="&lt;PlaceOrder&gt;b__2" signature="(HotPotProject.Models.DeliveryPartner)" line-rate="0" branch-rate="1" complexity="1">
              <lines>
                <line number="178" hits="0" branch="False" />
              </lines>
            </method>
          </methods>
          <lines>
            <line number="178" hits="0" branch="False" />
          </lines>
        </class>
        <class name="HotPotProject.Services.CustomerServices/&lt;&gt;c__DisplayClass23_0" filename="Services\CustomerServices.cs" line-rate="0" branch-rate="1" complexity="1">
          <methods>
            <method name="&lt;PlaceOrderForOne&gt;b__0" signature="(HotPotProject.Models.DeliveryPartner)" line-rate="0" branch-rate="1" complexity="1">
              <lines>
                <line number="268" hits="0" branch="False" />
              </lines>
            </method>
          </methods>
          <lines>
            <line number="268" hits="0" branch="False" />
          </lines>
        </class>
        <class name="HotPotProject.Services.CustomerServices/&lt;&gt;c__DisplayClass25_0" filename="Services\CustomerServices.cs" line-rate="1" branch-rate="0.5" complexity="3">
          <methods>
            <method name="&lt;AddToCart&gt;b__0" signature="(HotPotProject.Models.Cart)" line-rate="1" branch-rate="0.5" complexity="2">
              <lines>
                <line number="352" hits="3" branch="True" condition-coverage="50% (1/2)">
                  <conditions>
                    <condition number="12" type="jump" coverage="50%" />
                  </conditions>
                </line>
              </lines>
            </method>
            <method name="&lt;AddToCart&gt;b__1" signature="(HotPotProject.Models.Cart)" line-rate="1" branch-rate="1" complexity="1">
              <lines>
                <line number="353" hits="3" branch="False" />
              </lines>
            </method>
          </methods>
          <lines>
            <line number="352" hits="3" branch="True" condition-coverage="50% (1/2)">
              <conditions>
                <condition number="12" type="jump" coverage="50%" />
              </conditions>
            </line>
            <line number="353" hits="3" branch="False" />
          </lines>
        </class>
        <class name="HotPotProject.Services.CustomerServices/&lt;&gt;c__DisplayClass31_0" filename="Services\CustomerServices.cs" line-rate="1" branch-rate="1" complexity="1">
          <methods>
            <method name="&lt;ViewOrderStatus&gt;b__0" signature="(HotPotProject.Models.OrderItem)" line-rate="1" branch-rate="1" complexity="1">
              <lines>
                <line number="454" hits="2" branch="False" />
              </lines>
            </method>
          </methods>
          <lines>
            <line number="454" hits="2" branch="False" />
          </lines>
        </class>
        <class name="HotPotProject.Services.CustomerServices/&lt;&gt;c__DisplayClass32_0" filename="Services\CustomerServices.cs" line-rate="1" branch-rate="1" complexity="1">
          <methods>
            <method name="&lt;ViewOrderHistory&gt;b__0" signature="(HotPotProject.Models.Order)" line-rate="1" branch-rate="1" complexity="1">
              <lines>
                <line number="490" hits="3" branch="False" />
              </lines>
            </method>
          </methods>
          <lines>
            <line number="490" hits="3" branch="False" />
          </lines>
        </class>
        <class name="HotPotProject.Services.CustomerServices/&lt;&gt;c__DisplayClass32_1" filename="Services\CustomerServices.cs" line-rate="1" branch-rate="1" complexity="1">
          <methods>
            <method name="&lt;ViewOrderHistory&gt;b__1" signature="(HotPotProject.Models.OrderItem)" line-rate="1" branch-rate="1" complexity="1">
              <lines>
                <line number="498" hits="6" branch="False" />
              </lines>
            </method>
          </methods>
          <lines>
            <line number="498" hits="6" branch="False" />
          </lines>
        </class>
        <class name="HotPotProject.Services.CustomerServices/&lt;&gt;c__DisplayClass44_0" filename="Services\CustomerServices.cs" line-rate="1" branch-rate="1" complexity="2">
          <methods>
            <method name="&lt;SearchMenu&gt;b__0" signature="(HotPotProject.Models.Menu)" line-rate="1" branch-rate="1" complexity="1">
              <lines>
                <line number="673" hits="3" branch="False" />
              </lines>
            </method>
            <method name="&lt;SearchMenu&gt;b__1" signature="(HotPotProject.Models.Menu)" line-rate="1" branch-rate="1" complexity="1">
              <lines>
                <line number="678" hits="3" branch="False" />
              </lines>
            </method>
          </methods>
          <lines>
            <line number="673" hits="3" branch="False" />
            <line number="678" hits="3" branch="False" />
          </lines>
        </class>
        <class name="HotPotProject.Services.CustomerServices/&lt;&gt;c__DisplayClass45_0" filename="Services\CustomerServices.cs" line-rate="1" branch-rate="0.5" complexity="3">
          <methods>
            <method name="&lt;FilterMenuByPriceRange&gt;b__0" signature="(HotPotProject.Models.Menu)" line-rate="1" branch-rate="1" complexity="1">
              <lines>
                <line number="685" hits="3" branch="False" />
              </lines>
            </method>
            <method name="&lt;FilterMenuByPriceRange&gt;b__1" signature="(HotPotProject.Models.Menu)" line-rate="1" branch-rate="0.5" complexity="2">
              <lines>
                <line number="690" hits="3" branch="True" condition-coverage="50% (1/2)">
                  <conditions>
                    <condition number="12" type="jump" coverage="50%" />
                  </conditions>
                </line>
              </lines>
            </method>
          </methods>
          <lines>
            <line number="685" hits="3" branch="False" />
            <line number="690" hits="3" branch="True" condition-coverage="50% (1/2)">
              <conditions>
                <condition number="12" type="jump" coverage="50%" />
              </conditions>
            </line>
          </lines>
        </class>
        <class name="HotPotProject.Services.CustomerServices/&lt;&gt;c__DisplayClass46_0" filename="Services\CustomerServices.cs" line-rate="1" branch-rate="1" complexity="2">
          <methods>
            <method name="&lt;FilterMenuByType&gt;b__0" signature="(HotPotProject.Models.Menu)" line-rate="1" branch-rate="1" complexity="1">
              <lines>
                <line number="697" hits="3" branch="False" />
              </lines>
            </method>
            <method name="&lt;FilterMenuByType&gt;b__1" signature="(HotPotProject.Models.Menu)" line-rate="1" branch-rate="1" complexity="1">
              <lines>
                <line number="702" hits="3" branch="False" />
              </lines>
            </method>
          </methods>
          <lines>
            <line number="697" hits="3" branch="False" />
            <line number="702" hits="3" branch="False" />
          </lines>
        </class>
        <class name="HotPotProject.Services.CustomerServices/&lt;&gt;c__DisplayClass47_0" filename="Services\CustomerServices.cs" line-rate="1" branch-rate="1" complexity="2">
          <methods>
            <method name="&lt;FilterMenuByCuisine&gt;b__0" signature="(HotPotProject.Models.Menu)" line-rate="1" branch-rate="1" complexity="1">
              <lines>
                <line number="709" hits="3" branch="False" />
              </lines>
            </method>
            <method name="&lt;FilterMenuByCuisine&gt;b__1" signature="(HotPotProject.Models.Menu)" line-rate="1" branch-rate="1" complexity="1">
              <lines>
                <line number="714" hits="3" branch="False" />
              </lines>
            </method>
          </methods>
          <lines>
            <line number="709" hits="3" branch="False" />
            <line number="714" hits="3" branch="False" />
          </lines>
        </class>
        <class name="HotPotProject.Services.CustomerServices/&lt;&gt;c__DisplayClass48_0" filename="Services\CustomerServices.cs" line-rate="0" branch-rate="1" complexity="1">
          <methods>
            <method name="&lt;GetCustomerByUsername&gt;b__0" signature="(HotPotProject.Models.Customer)" line-rate="0" branch-rate="1" complexity="1">
              <lines>
                <line number="722" hits="0" branch="False" />
              </lines>
            </method>
          </methods>
          <lines>
            <line number="722" hits="0" branch="False" />
          </lines>
        </class>
        <class name="HotPotProject.Services.CustomerServices/&lt;AddCustomerAddress&gt;d__37" filename="Services\CustomerServices.cs" line-rate="1" branch-rate="1" complexity="1">
          <methods>
            <method name="MoveNext" signature="()" line-rate="1" branch-rate="1" complexity="1">
              <lines>
                <line number="569" hits="1" branch="False" />
                <line number="570" hits="1" branch="False" />
                <line number="571" hits="1" branch="False" />
                <line number="572" hits="1" branch="False" />
                <line number="573" hits="1" branch="False" />
              </lines>
            </method>
          </methods>
          <lines>
            <line number="569" hits="1" branch="False" />
            <line number="570" hits="1" branch="False" />
            <line number="571" hits="1" branch="False" />
            <line number="572" hits="1" branch="False" />
            <line number="573" hits="1" branch="False" />
          </lines>
        </class>
        <class name="HotPotProject.Services.CustomerServices/&lt;AddCustomerReview&gt;d__40" filename="Services\CustomerServices.cs" line-rate="1" branch-rate="1" complexity="1">
          <methods>
            <method name="MoveNext" signature="()" line-rate="1" branch-rate="1" complexity="1">
              <lines>
                <line number="626" hits="1" branch="False" />
                <line number="627" hits="1" branch="False" />
                <line number="628" hits="1" branch="False" />
                <line number="629" hits="1" branch="False" />
                <line number="630" hits="1" branch="False" />
              </lines>
            </method>
          </methods>
          <lines>
            <line number="626" hits="1" branch="False" />
            <line number="627" hits="1" branch="False" />
            <line number="628" hits="1" branch="False" />
            <line number="629" hits="1" branch="False" />
            <line number="630" hits="1" branch="False" />
          </lines>
        </class>
        <class name="HotPotProject.Services.CustomerServices/&lt;AddToCart&gt;d__25" filename="Services\CustomerServices.cs" line-rate="0.8571" branch-rate="0.5" complexity="4">
          <methods>
            <method name="MoveNext" signature="()" line-rate="0.8571" branch-rate="0.5" complexity="4">
              <lines>
                <line number="347" hits="1" branch="False" />
                <line number="348" hits="1" branch="False" />
                <line number="349" hits="1" branch="True" condition-coverage="50% (1/2)">
                  <conditions>
                    <condition number="251" type="jump" coverage="50%" />
                  </conditions>
                </line>
                <line number="350" hits="1" branch="False" />
                <line number="351" hits="1" branch="False" />
                <line number="354" hits="1" branch="True" condition-coverage="50% (1/2)">
                  <conditions>
                    <condition number="476" type="jump" coverage="50%" />
                  </conditions>
                </line>
                <line number="355" hits="1" branch="False" />
                <line number="356" hits="1" branch="False" />
                <line number="357" hits="1" branch="False" />
                <line number="358" hits="1" branch="False" />
                <line number="359" hits="1" branch="False" />
                <line number="360" hits="1" branch="False" />
                <line number="361" hits="1" branch="False" />
                <line number="362" hits="1" branch="False" />
                <line number="363" hits="1" branch="False" />
                <line number="364" hits="1" branch="False" />
                <line number="365" hits="1" branch="False" />
                <line number="367" hits="0" branch="False" />
                <line number="368" hits="0" branch="False" />
                <line number="370" hits="0" branch="False" />
                <line number="371" hits="1" branch="False" />
              </lines>
            </method>
          </methods>
          <lines>
            <line number="347" hits="1" branch="False" />
            <line number="348" hits="1" branch="False" />
            <line number="349" hits="1" branch="True" condition-coverage="50% (1/2)">
              <conditions>
                <condition number="251" type="jump" coverage="50%" />
              </conditions>
            </line>
            <line number="350" hits="1" branch="False" />
            <line number="351" hits="1" branch="False" />
            <line number="354" hits="1" branch="True" condition-coverage="50% (1/2)">
              <conditions>
                <condition number="476" type="jump" coverage="50%" />
              </conditions>
            </line>
            <line number="355" hits="1" branch="False" />
            <line number="356" hits="1" branch="False" />
            <line number="357" hits="1" branch="False" />
            <line number="358" hits="1" branch="False" />
            <line number="359" hits="1" branch="False" />
            <line number="360" hits="1" branch="False" />
            <line number="361" hits="1" branch="False" />
            <line number="362" hits="1" branch="False" />
            <line number="363" hits="1" branch="False" />
            <line number="364" hits="1" branch="False" />
            <line number="365" hits="1" branch="False" />
            <line number="367" hits="0" branch="False" />
            <line number="368" hits="0" branch="False" />
            <line number="370" hits="0" branch="False" />
            <line number="371" hits="1" branch="False" />
          </lines>
        </class>
        <class name="HotPotProject.Services.CustomerServices/&lt;CancelOrderFromCustomer&gt;d__36" filename="Services\CustomerServices.cs" line-rate="0.875" branch-rate="0.5" complexity="2">
          <methods>
            <method name="MoveNext" signature="()" line-rate="0.875" branch-rate="0.5" complexity="2">
              <lines>
                <line number="558" hits="1" branch="False" />
                <line number="559" hits="1" branch="False" />
                <line number="560" hits="1" branch="True" condition-coverage="50% (1/2)">
                  <conditions>
                    <condition number="175" type="jump" coverage="50%" />
                  </conditions>
                </line>
                <line number="561" hits="0" branch="False" />
                <line number="562" hits="1" branch="False" />
                <line number="563" hits="1" branch="False" />
                <line number="564" hits="1" branch="False" />
                <line number="565" hits="1" branch="False" />
              </lines>
            </method>
          </methods>
          <lines>
            <line number="558" hits="1" branch="False" />
            <line number="559" hits="1" branch="False" />
            <line number="560" hits="1" branch="True" condition-coverage="50% (1/2)">
              <conditions>
                <condition number="175" type="jump" coverage="50%" />
              </conditions>
            </line>
            <line number="561" hits="0" branch="False" />
            <line number="562" hits="1" branch="False" />
            <line number="563" hits="1" branch="False" />
            <line number="564" hits="1" branch="False" />
            <line number="565" hits="1" branch="False" />
          </lines>
        </class>
        <class name="HotPotProject.Services.CustomerServices/&lt;DecreaseCartItemQuantity&gt;d__30" filename="Services\CustomerServices.cs" line-rate="0.7272" branch-rate="0.5" complexity="2">
          <methods>
            <method name="MoveNext" signature="()" line-rate="0.7272" branch-rate="0.5" complexity="2">
              <lines>
                <line number="432" hits="1" branch="False" />
                <line number="433" hits="1" branch="False" />
                <line number="434" hits="1" branch="True" condition-coverage="50% (1/2)">
                  <conditions>
                    <condition number="192" type="jump" coverage="50%" />
                  </conditions>
                </line>
                <line number="435" hits="1" branch="False" />
                <line number="436" hits="1" branch="False" />
                <line number="437" hits="1" branch="False" />
                <line number="438" hits="1" branch="False" />
                <line number="440" hits="0" branch="False" />
                <line number="441" hits="0" branch="False" />
                <line number="442" hits="0" branch="False" />
                <line number="443" hits="1" branch="False" />
              </lines>
            </method>
          </methods>
          <lines>
            <line number="432" hits="1" branch="False" />
            <line number="433" hits="1" branch="False" />
            <line number="434" hits="1" branch="True" condition-coverage="50% (1/2)">
              <conditions>
                <condition number="192" type="jump" coverage="50%" />
              </conditions>
            </line>
            <line number="435" hits="1" branch="False" />
            <line number="436" hits="1" branch="False" />
            <line number="437" hits="1" branch="False" />
            <line number="438" hits="1" branch="False" />
            <line number="440" hits="0" branch="False" />
            <line number="441" hits="0" branch="False" />
            <line number="442" hits="0" branch="False" />
            <line number="443" hits="1" branch="False" />
          </lines>
        </class>
        <class name="HotPotProject.Services.CustomerServices/&lt;DeleteCartItem&gt;d__27" filename="Services\CustomerServices.cs" line-rate="0" branch-rate="1" complexity="1">
          <methods>
            <method name="MoveNext" signature="()" line-rate="0" branch-rate="1" complexity="1">
              <lines>
                <line number="408" hits="0" branch="False" />
                <line number="409" hits="0" branch="False" />
                <line number="410" hits="0" branch="False" />
                <line number="411" hits="0" branch="False" />
              </lines>
            </method>
          </methods>
          <lines>
            <line number="408" hits="0" branch="False" />
            <line number="409" hits="0" branch="False" />
            <line number="410" hits="0" branch="False" />
            <line number="411" hits="0" branch="False" />
          </lines>
        </class>
        <class name="HotPotProject.Services.CustomerServices/&lt;DeleteCustomerReview&gt;d__43" filename="Services\CustomerServices.cs" line-rate="1" branch-rate="1" complexity="2">
          <methods>
            <method name="MoveNext" signature="()" line-rate="1" branch-rate="1" complexity="2">
              <lines>
                <line number="657" hits="2" branch="False" />
                <line number="658" hits="2" branch="False" />
                <line number="659" hits="2" branch="True" condition-coverage="100% (2/2)">
                  <conditions>
                    <condition number="175" type="jump" coverage="100%" />
                  </conditions>
                </line>
                <line number="660" hits="1" branch="False" />
                <line number="661" hits="1" branch="False" />
                <line number="664" hits="1" branch="False" />
                <line number="665" hits="1" branch="False" />
                <line number="666" hits="1" branch="False" />
                <line number="667" hits="1" branch="False" />
              </lines>
            </method>
          </methods>
          <lines>
            <line number="657" hits="2" branch="False" />
            <line number="658" hits="2" branch="False" />
            <line number="659" hits="2" branch="True" condition-coverage="100% (2/2)">
              <conditions>
                <condition number="175" type="jump" coverage="100%" />
              </conditions>
            </line>
            <line number="660" hits="1" branch="False" />
            <line number="661" hits="1" branch="False" />
            <line number="664" hits="1" branch="False" />
            <line number="665" hits="1" branch="False" />
            <line number="666" hits="1" branch="False" />
            <line number="667" hits="1" branch="False" />
          </lines>
        </class>
        <class name="HotPotProject.Services.CustomerServices/&lt;EmptyCart&gt;d__28" filename="Services\CustomerServices.cs" line-rate="1" branch-rate="1" complexity="2">
          <methods>
            <method name="MoveNext" signature="()" line-rate="1" branch-rate="1" complexity="2">
              <lines>
                <line number="414" hits="1" branch="False" />
                <line number="415" hits="1" branch="False" />
                <line number="417" hits="7" branch="True" condition-coverage="100% (2/2)">
                  <conditions>
                    <condition number="457" type="jump" coverage="100%" />
                  </conditions>
                </line>
                <line number="418" hits="2" branch="False" />
                <line number="419" hits="2" branch="False" />
                <line number="420" hits="2" branch="False" />
                <line number="421" hits="2" branch="False" />
                <line number="422" hits="1" branch="False" />
              </lines>
            </method>
          </methods>
          <lines>
            <line number="414" hits="1" branch="False" />
            <line number="415" hits="1" branch="False" />
            <line number="417" hits="7" branch="True" condition-coverage="100% (2/2)">
              <conditions>
                <condition number="457" type="jump" coverage="100%" />
              </conditions>
            </line>
            <line number="418" hits="2" branch="False" />
            <line number="419" hits="2" branch="False" />
            <line number="420" hits="2" branch="False" />
            <line number="421" hits="2" branch="False" />
            <line number="422" hits="1" branch="False" />
          </lines>
        </class>
        <class name="HotPotProject.Services.CustomerServices/&lt;FilterMenuByCuisine&gt;d__47" filename="Services\CustomerServices.cs" line-rate="0.7142000000000001" branch-rate="0.5" complexity="2">
          <methods>
            <method name="MoveNext" signature="()" line-rate="0.7142000000000001" branch-rate="0.5" complexity="2">
              <lines>
                <line number="707" hits="1" branch="False" />
                <line number="708" hits="1" branch="False" />
                <line number="710" hits="1" branch="True" condition-coverage="50% (1/2)">
                  <conditions>
                    <condition number="237" type="jump" coverage="50%" />
                  </conditions>
                </line>
                <line number="711" hits="0" branch="False" />
                <line number="712" hits="0" branch="False" />
                <line number="715" hits="1" branch="False" />
                <line number="716" hits="1" branch="False" />
              </lines>
            </method>
          </methods>
          <lines>
            <line number="707" hits="1" branch="False" />
            <line number="708" hits="1" branch="False" />
            <line number="710" hits="1" branch="True" condition-coverage="50% (1/2)">
              <conditions>
                <condition number="237" type="jump" coverage="50%" />
              </conditions>
            </line>
            <line number="711" hits="0" branch="False" />
            <line number="712" hits="0" branch="False" />
            <line number="715" hits="1" branch="False" />
            <line number="716" hits="1" branch="False" />
          </lines>
        </class>
        <class name="HotPotProject.Services.CustomerServices/&lt;FilterMenuByPriceRange&gt;d__45" filename="Services\CustomerServices.cs" line-rate="0.7142000000000001" branch-rate="0.5" complexity="2">
          <methods>
            <method name="MoveNext" signature="()" line-rate="0.7142000000000001" branch-rate="0.5" complexity="2">
              <lines>
                <line number="683" hits="1" branch="False" />
                <line number="684" hits="1" branch="False" />
                <line number="686" hits="1" branch="True" condition-coverage="50% (1/2)">
                  <conditions>
                    <condition number="257" type="jump" coverage="50%" />
                  </conditions>
                </line>
                <line number="687" hits="0" branch="False" />
                <line number="688" hits="0" branch="False" />
                <line number="691" hits="1" branch="False" />
                <line number="692" hits="1" branch="False" />
              </lines>
            </method>
          </methods>
          <lines>
            <line number="683" hits="1" branch="False" />
            <line number="684" hits="1" branch="False" />
            <line number="686" hits="1" branch="True" condition-coverage="50% (1/2)">
              <conditions>
                <condition number="257" type="jump" coverage="50%" />
              </conditions>
            </line>
            <line number="687" hits="0" branch="False" />
            <line number="688" hits="0" branch="False" />
            <line number="691" hits="1" branch="False" />
            <line number="692" hits="1" branch="False" />
          </lines>
        </class>
        <class name="HotPotProject.Services.CustomerServices/&lt;FilterMenuByType&gt;d__46" filename="Services\CustomerServices.cs" line-rate="0.7142000000000001" branch-rate="0.5" complexity="2">
          <methods>
            <method name="MoveNext" signature="()" line-rate="0.7142000000000001" branch-rate="0.5" complexity="2">
              <lines>
                <line number="695" hits="1" branch="False" />
                <line number="696" hits="1" branch="False" />
                <line number="698" hits="1" branch="True" condition-coverage="50% (1/2)">
                  <conditions>
                    <condition number="237" type="jump" coverage="50%" />
                  </conditions>
                </line>
                <line number="699" hits="0" branch="False" />
                <line number="700" hits="0" branch="False" />
                <line number="703" hits="1" branch="False" />
                <line number="704" hits="1" branch="False" />
              </lines>
            </method>
          </methods>
          <lines>
            <line number="695" hits="1" branch="False" />
            <line number="696" hits="1" branch="False" />
            <line number="698" hits="1" branch="True" condition-coverage="50% (1/2)">
              <conditions>
                <condition number="237" type="jump" coverage="50%" />
              </conditions>
            </line>
            <line number="699" hits="0" branch="False" />
            <line number="700" hits="0" branch="False" />
            <line number="703" hits="1" branch="False" />
            <line number="704" hits="1" branch="False" />
          </lines>
        </class>
        <class name="HotPotProject.Services.CustomerServices/&lt;GetAllCities&gt;d__35" filename="Services\CustomerServices.cs" line-rate="0.8332999999999999" branch-rate="0.5" complexity="2">
          <methods>
            <method name="MoveNext" signature="()" line-rate="0.8332999999999999" branch-rate="0.5" complexity="2">
              <lines>
                <line number="550" hits="1" branch="False" />
                <line number="551" hits="1" branch="False" />
                <line number="552" hits="1" branch="True" condition-coverage="50% (1/2)">
                  <conditions>
                    <condition number="158" type="jump" coverage="50%" />
                  </conditions>
                </line>
                <line number="553" hits="0" branch="False" />
                <line number="554" hits="1" branch="False" />
                <line number="555" hits="1" branch="False" />
              </lines>
            </method>
          </methods>
          <lines>
            <line number="550" hits="1" branch="False" />
            <line number="551" hits="1" branch="False" />
            <line number="552" hits="1" branch="True" condition-coverage="50% (1/2)">
              <conditions>
                <condition number="158" type="jump" coverage="50%" />
              </conditions>
            </line>
            <line number="553" hits="0" branch="False" />
            <line number="554" hits="1" branch="False" />
            <line number="555" hits="1" branch="False" />
          </lines>
        </class>
        <class name="HotPotProject.Services.CustomerServices/&lt;GetCarts&gt;d__26" filename="Services\CustomerServices.cs" line-rate="0.9309999999999999" branch-rate="0.6" complexity="10">
          <methods>
            <method name="MoveNext" signature="()" line-rate="0.9309999999999999" branch-rate="0.6" complexity="10">
              <lines>
                <line number="374" hits="1" branch="False" />
                <line number="375" hits="1" branch="False" />
                <line number="377" hits="1" branch="False" />
                <line number="378" hits="1" branch="False" />
                <line number="379" hits="1" branch="True" condition-coverage="50% (2/4)">
                  <conditions>
                    <condition number="440" type="jump" coverage="50%" />
                    <condition number="463" type="jump" coverage="50%" />
                  </conditions>
                </line>
                <line number="380" hits="1" branch="False" />
                <line number="381" hits="7" branch="True" condition-coverage="100% (2/2)">
                  <conditions>
                    <condition number="918" type="jump" coverage="100%" />
                  </conditions>
                </line>
                <line number="382" hits="2" branch="False" />
                <line number="383" hits="2" branch="False" />
                <line number="384" hits="2" branch="False" />
                <line number="385" hits="2" branch="False" />
                <line number="386" hits="2" branch="False" />
                <line number="387" hits="2" branch="False" />
                <line number="388" hits="2" branch="False" />
                <line number="389" hits="2" branch="False" />
                <line number="390" hits="2" branch="False" />
                <line number="391" hits="2" branch="False" />
                <line number="392" hits="2" branch="False" />
                <line number="393" hits="2" branch="False" />
                <line number="394" hits="2" branch="False" />
                <line number="395" hits="2" branch="False" />
                <line number="396" hits="2" branch="False" />
                <line number="397" hits="2" branch="False" />
                <line number="398" hits="2" branch="False" />
                <line number="399" hits="1" branch="True" condition-coverage="50% (2/4)">
                  <conditions>
                    <condition number="966" type="jump" coverage="50%" />
                    <condition number="989" type="jump" coverage="50%" />
                  </conditions>
                </line>
                <line number="400" hits="0" branch="False" />
                <line number="402" hits="1" branch="False" />
                <line number="404" hits="0" branch="False" />
                <line number="405" hits="1" branch="False" />
              </lines>
            </method>
          </methods>
          <lines>
            <line number="374" hits="1" branch="False" />
            <line number="375" hits="1" branch="False" />
            <line number="377" hits="1" branch="False" />
            <line number="378" hits="1" branch="False" />
            <line number="379" hits="1" branch="True" condition-coverage="50% (2/4)">
              <conditions>
                <condition number="440" type="jump" coverage="50%" />
                <condition number="463" type="jump" coverage="50%" />
              </conditions>
            </line>
            <line number="380" hits="1" branch="False" />
            <line number="381" hits="7" branch="True" condition-coverage="100% (2/2)">
              <conditions>
                <condition number="918" type="jump" coverage="100%" />
              </conditions>
            </line>
            <line number="382" hits="2" branch="False" />
            <line number="383" hits="2" branch="False" />
            <line number="384" hits="2" branch="False" />
            <line number="385" hits="2" branch="False" />
            <line number="386" hits="2" branch="False" />
            <line number="387" hits="2" branch="False" />
            <line number="388" hits="2" branch="False" />
            <line number="389" hits="2" branch="False" />
            <line number="390" hits="2" branch="False" />
            <line number="391" hits="2" branch="False" />
            <line number="392" hits="2" branch="False" />
            <line number="393" hits="2" branch="False" />
            <line number="394" hits="2" branch="False" />
            <line number="395" hits="2" branch="False" />
            <line number="396" hits="2" branch="False" />
            <line number="397" hits="2" branch="False" />
            <line number="398" hits="2" branch="False" />
            <line number="399" hits="1" branch="True" condition-coverage="50% (2/4)">
              <conditions>
                <condition number="966" type="jump" coverage="50%" />
                <condition number="989" type="jump" coverage="50%" />
              </conditions>
            </line>
            <line number="400" hits="0" branch="False" />
            <line number="402" hits="1" branch="False" />
            <line number="404" hits="0" branch="False" />
            <line number="405" hits="1" branch="False" />
          </lines>
        </class>
        <class name="HotPotProject.Services.CustomerServices/&lt;GetCustomerByUsername&gt;d__48" filename="Services\CustomerServices.cs" line-rate="0" branch-rate="0" complexity="2">
          <methods>
            <method name="MoveNext" signature="()" line-rate="0" branch-rate="0" complexity="2">
              <lines>
                <line number="718" hits="0" branch="False" />
                <line number="720" hits="0" branch="False" />
                <line number="721" hits="0" branch="False" />
                <line number="723" hits="0" branch="True" condition-coverage="0% (0/2)">
                  <conditions>
                    <condition number="229" type="jump" coverage="0%" />
                  </conditions>
                </line>
                <line number="724" hits="0" branch="False" />
                <line number="725" hits="0" branch="False" />
                <line number="728" hits="0" branch="False" />
                <line number="729" hits="0" branch="False" />
                <line number="732" hits="0" branch="False" />
                <line number="733" hits="0" branch="False" />
                <line number="734" hits="0" branch="False" />
                <line number="735" hits="0" branch="False" />
                <line number="737" hits="0" branch="False" />
              </lines>
            </method>
          </methods>
          <lines>
            <line number="718" hits="0" branch="False" />
            <line number="720" hits="0" branch="False" />
            <line number="721" hits="0" branch="False" />
            <line number="723" hits="0" branch="True" condition-coverage="0% (0/2)">
              <conditions>
                <condition number="229" type="jump" coverage="0%" />
              </conditions>
            </line>
            <line number="724" hits="0" branch="False" />
            <line number="725" hits="0" branch="False" />
            <line number="728" hits="0" branch="False" />
            <line number="729" hits="0" branch="False" />
            <line number="732" hits="0" branch="False" />
            <line number="733" hits="0" branch="False" />
            <line number="734" hits="0" branch="False" />
            <line number="735" hits="0" branch="False" />
            <line number="737" hits="0" branch="False" />
          </lines>
        </class>
        <class name="HotPotProject.Services.CustomerServices/&lt;GetCustomerDetails&gt;d__33" filename="Services\CustomerServices.cs" line-rate="0.8332999999999999" branch-rate="0.5" complexity="2">
          <methods>
            <method name="MoveNext" signature="()" line-rate="0.8332999999999999" branch-rate="0.5" complexity="2">
              <lines>
                <line number="534" hits="1" branch="False" />
                <line number="535" hits="1" branch="False" />
                <line number="536" hits="1" branch="True" condition-coverage="50% (1/2)">
                  <conditions>
                    <condition number="164" type="jump" coverage="50%" />
                  </conditions>
                </line>
                <line number="537" hits="0" branch="False" />
                <line number="538" hits="1" branch="False" />
                <line number="539" hits="1" branch="False" />
              </lines>
            </method>
          </methods>
          <lines>
            <line number="534" hits="1" branch="False" />
            <line number="535" hits="1" branch="False" />
            <line number="536" hits="1" branch="True" condition-coverage="50% (1/2)">
              <conditions>
                <condition number="164" type="jump" coverage="50%" />
              </conditions>
            </line>
            <line number="537" hits="0" branch="False" />
            <line number="538" hits="1" branch="False" />
            <line number="539" hits="1" branch="False" />
          </lines>
        </class>
        <class name="HotPotProject.Services.CustomerServices/&lt;GetMenuByRestaurant&gt;d__19" filename="Services\CustomerServices.cs" line-rate="1" branch-rate="0.75" complexity="4">
          <methods>
            <method name="MoveNext" signature="()" line-rate="1" branch-rate="0.75" complexity="4">
              <lines>
                <line number="124" hits="2" branch="False" />
                <line number="125" hits="2" branch="False" />
                <line number="127" hits="2" branch="True" condition-coverage="75% (3/4)">
                  <conditions>
                    <condition number="218" type="jump" coverage="50%" />
                    <condition number="241" type="jump" coverage="100%" />
                  </conditions>
                </line>
                <line number="128" hits="1" branch="False" />
                <line number="129" hits="1" branch="False" />
                <line number="130" hits="1" branch="False" />
              </lines>
            </method>
          </methods>
          <lines>
            <line number="124" hits="2" branch="False" />
            <line number="125" hits="2" branch="False" />
            <line number="127" hits="2" branch="True" condition-coverage="75% (3/4)">
              <conditions>
                <condition number="218" type="jump" coverage="50%" />
                <condition number="241" type="jump" coverage="100%" />
              </conditions>
            </line>
            <line number="128" hits="1" branch="False" />
            <line number="129" hits="1" branch="False" />
            <line number="130" hits="1" branch="False" />
          </lines>
[...]
              <lines>
                <line number="223" hits="0" branch="False" />
                <line number="225" hits="0" branch="False" />
                <line number="226" hits="0" branch="False" />
                <line number="227" hits="0" branch="False" />
                <line number="229" hits="0" branch="False" />
                <line number="230" hits="0" branch="False" />
                <line number="231" hits="0" branch="False" />
                <line number="232" hits="0" branch="False" />
                <line number="234" hits="0" branch="False" />
              </lines>
            </method>
          </methods>
          <lines>
            <line number="223" hits="0" branch="False" />
            <line number="225" hits="0" branch="False" />
            <line number="226" hits="0" branch="False" />
            <line number="227" hits="0" branch="False" />
            <line number="229" hits="0" branch="False" />
            <line number="230" hits="0" branch="False" />
            <line number="231" hits="0" branch="False" />
            <line number="232" hits="0" branch="False" />
            <line number="234" hits="0" branch="False" />
          </lines>
        </class>
        <class name="HotPotProject.Controllers.RestaurantController/&lt;GetPaymentsByRestaurants&gt;d__8" filename="Controllers\RestaurantController.cs" line-rate="0" branch-rate="1" complexity="1">
          <methods>
            <method name="MoveNext" signature="()" line-rate="0" branch-rate="1" complexity="1">
              <lines>
                <line number="116" hits="0" branch="False" />
                <line number="118" hits="0" branch="False" />
                <line number="119" hits="0" branch="False" />
                <line number="120" hits="0" branch="False" />
                <line number="122" hits="0" branch="False" />
                <line number="123" hits="0" branch="False" />
                <line number="124" hits="0" branch="False" />
                <line number="125" hits="0" branch="False" />
                <line number="127" hits="0" branch="False" />
              </lines>
            </method>
          </methods>
          <lines>
            <line number="116" hits="0" branch="False" />
            <line number="118" hits="0" branch="False" />
            <line number="119" hits="0" branch="False" />
            <line number="120" hits="0" branch="False" />
            <line number="122" hits="0" branch="False" />
            <line number="123" hits="0" branch="False" />
            <line number="124" hits="0" branch="False" />
            <line number="125" hits="0" branch="False" />
            <line number="127" hits="0" branch="False" />
          </lines>
        </class>
        <class name="HotPotProject.Controllers.RestaurantController/&lt;GetPaymentsByRestaurants&gt;d__9" filename="Controllers\RestaurantController.cs" line-rate="0" branch-rate="1" complexity="1">
          <methods>
            <method name="MoveNext" signature="()" line-rate="0" branch-rate="1" complexity="1">
              <lines>
                <line number="134" hits="0" branch="False" />
                <line number="136" hits="0" branch="False" />
                <line number="137" hits="0" branch="False" />
                <line number="138" hits="0" branch="False" />
                <line number="140" hits="0" branch="False" />
                <line number="141" hits="0" branch="False" />
                <line number="142" hits="0" branch="False" />
                <line number="143" hits="0" branch="False" />
                <line number="145" hits="0" branch="False" />
              </lines>
            </method>
          </methods>
          <lines>
            <line number="134" hits="0" branch="False" />
            <line number="136" hits="0" branch="False" />
            <line number="137" hits="0" branch="False" />
            <line number="138" hits="0" branch="False" />
            <line number="140" hits="0" branch="False" />
            <line number="141" hits="0" branch="False" />
            <line number="142" hits="0" branch="False" />
            <line number="143" hits="0" branch="False" />
            <line number="145" hits="0" branch="False" />
          </lines>
        </class>
        <class name="HotPotProject.Controllers.RestaurantController/&lt;GetRestaurantOwnerByUsername&gt;d__19" filename="Controllers\RestaurantController.cs" line-rate="0" branch-rate="1" complexity="1">
          <methods>
            <method name="MoveNext" signature="()" line-rate="0" branch-rate="1" complexity="1">
              <lines>
                <line number="307" hits="0" branch="False" />
                <line number="309" hits="0" branch="False" />
                <line number="310" hits="0" branch="False" />
                <line number="311" hits="0" branch="False" />
                <line number="313" hits="0" branch="False" />
                <line number="314" hits="0" branch="False" />
                <line number="315" hits="0" branch="False" />
                <line number="316" hits="0" branch="False" />
                <line number="318" hits="0" branch="False" />
                <line number="319" hits="0" branch="False" />
                <line number="320" hits="0" branch="False" />
                <line number="321" hits="0" branch="False" />
                <line number="323" hits="0" branch="False" />
              </lines>
            </method>
          </methods>
          <lines>
            <line number="307" hits="0" branch="False" />
            <line number="309" hits="0" branch="False" />
            <line number="310" hits="0" branch="False" />
            <line number="311" hits="0" branch="False" />
            <line number="313" hits="0" branch="False" />
            <line number="314" hits="0" branch="False" />
            <line number="315" hits="0" branch="False" />
            <line number="316" hits="0" branch="False" />
            <line number="318" hits="0" branch="False" />
            <line number="319" hits="0" branch="False" />
            <line number="320" hits="0" branch="False" />
            <line number="321" hits="0" branch="False" />
            <line number="323" hits="0" branch="False" />
          </lines>
        </class>
        <class name="HotPotProject.Controllers.RestaurantController/&lt;GetSpecialities&gt;d__11" filename="Controllers\RestaurantController.cs" line-rate="0" branch-rate="1" complexity="1">
          <methods>
            <method name="MoveNext" signature="()" line-rate="0" branch-rate="1" complexity="1">
              <lines>
                <line number="175" hits="0" branch="False" />
                <line number="177" hits="0" branch="False" />
                <line number="178" hits="0" branch="False" />
                <line number="179" hits="0" branch="False" />
                <line number="181" hits="0" branch="False" />
                <line number="182" hits="0" branch="False" />
                <line number="183" hits="0" branch="False" />
                <line number="184" hits="0" branch="False" />
                <line number="186" hits="0" branch="False" />
              </lines>
            </method>
          </methods>
          <lines>
            <line number="175" hits="0" branch="False" />
            <line number="177" hits="0" branch="False" />
            <line number="178" hits="0" branch="False" />
            <line number="179" hits="0" branch="False" />
            <line number="181" hits="0" branch="False" />
            <line number="182" hits="0" branch="False" />
            <line number="183" hits="0" branch="False" />
            <line number="184" hits="0" branch="False" />
            <line number="186" hits="0" branch="False" />
          </lines>
        </class>
        <class name="HotPotProject.Controllers.RestaurantController/&lt;Login&gt;d__12" filename="Controllers\RestaurantController.cs" line-rate="0" branch-rate="1" complexity="1">
          <methods>
            <method name="MoveNext" signature="()" line-rate="0" branch-rate="1" complexity="1">
              <lines>
                <line number="191" hits="0" branch="False" />
                <line number="193" hits="0" branch="False" />
                <line number="194" hits="0" branch="False" />
                <line number="195" hits="0" branch="False" />
                <line number="197" hits="0" branch="False" />
                <line number="198" hits="0" branch="False" />
                <line number="199" hits="0" branch="False" />
                <line number="200" hits="0" branch="False" />
                <line number="202" hits="0" branch="False" />
              </lines>
            </method>
          </methods>
          <lines>
            <line number="191" hits="0" branch="False" />
            <line number="193" hits="0" branch="False" />
            <line number="194" hits="0" branch="False" />
            <line number="195" hits="0" branch="False" />
            <line number="197" hits="0" branch="False" />
            <line number="198" hits="0" branch="False" />
            <line number="199" hits="0" branch="False" />
            <line number="200" hits="0" branch="False" />
            <line number="202" hits="0" branch="False" />
          </lines>
        </class>
        <class name="HotPotProject.Controllers.RestaurantController/&lt;Register&gt;d__13" filename="Controllers\RestaurantController.cs" line-rate="0" branch-rate="1" complexity="1">
          <methods>
            <method name="MoveNext" signature="()" line-rate="0" branch-rate="1" complexity="1">
              <lines>
                <line number="207" hits="0" branch="False" />
                <line number="209" hits="0" branch="False" />
                <line number="210" hits="0" branch="False" />
                <line number="211" hits="0" branch="False" />
                <line number="213" hits="0" branch="False" />
                <line number="214" hits="0" branch="False" />
                <line number="215" hits="0" branch="False" />
                <line number="216" hits="0" branch="False" />
                <line number="218" hits="0" branch="False" />
              </lines>
            </method>
          </methods>
          <lines>
            <line number="207" hits="0" branch="False" />
            <line number="209" hits="0" branch="False" />
            <line number="210" hits="0" branch="False" />
            <line number="211" hits="0" branch="False" />
            <line number="213" hits="0" branch="False" />
            <line number="214" hits="0" branch="False" />
            <line number="215" hits="0" branch="False" />
            <line number="216" hits="0" branch="False" />
            <line number="218" hits="0" branch="False" />
          </lines>
        </class>
        <class name="HotPotProject.Controllers.WeatherForecastController" filename="Controllers\WeatherForecastController.cs" line-rate="0" branch-rate="1" complexity="3">
          <methods>
            <method name="Get" signature="()" line-rate="0" branch-rate="1" complexity="1">
              <lines>
                <line number="23" hits="0" branch="False" />
                <line number="24" hits="0" branch="False" />
                <line number="25" hits="0" branch="False" />
                <line number="26" hits="0" branch="False" />
                <line number="27" hits="0" branch="False" />
                <line number="28" hits="0" branch="False" />
                <line number="29" hits="0" branch="False" />
                <line number="30" hits="0" branch="False" />
                <line number="31" hits="0" branch="False" />
              </lines>
            </method>
            <method name=".ctor" signature="(Microsoft.Extensions.Logging.ILogger`1&lt;HotPotProject.Controllers.WeatherForecastController&gt;)" line-rate="0" branch-rate="1" complexity="1">
              <lines>
                <line number="16" hits="0" branch="False" />
                <line number="17" hits="0" branch="False" />
                <line number="18" hits="0" branch="False" />
                <line number="19" hits="0" branch="False" />
              </lines>
            </method>
            <method name=".cctor" signature="()" line-rate="0" branch-rate="1" complexity="1">
              <lines>
                <line number="9" hits="0" branch="False" />
                <line number="10" hits="0" branch="False" />
                <line number="11" hits="0" branch="False" />
                <line number="12" hits="0" branch="False" />
              </lines>
            </method>
          </methods>
          <lines>
            <line number="23" hits="0" branch="False" />
            <line number="24" hits="0" branch="False" />
            <line number="25" hits="0" branch="False" />
            <line number="26" hits="0" branch="False" />
            <line number="27" hits="0" branch="False" />
            <line number="28" hits="0" branch="False" />
            <line number="29" hits="0" branch="False" />
            <line number="30" hits="0" branch="False" />
            <line number="31" hits="0" branch="False" />
            <line number="16" hits="0" branch="False" />
            <line number="17" hits="0" branch="False" />
            <line number="18" hits="0" branch="False" />
            <line number="19" hits="0" branch="False" />
            <line number="9" hits="0" branch="False" />
            <line number="10" hits="0" branch="False" />
            <line number="11" hits="0" branch="False" />
            <line number="12" hits="0" branch="False" />
          </lines>
        </class>
        <class name="HotPotProject.Context.ApplicationTrackerContext" filename="Context\ApplicationTrackerContext.cs" line-rate="0" branch-rate="1" complexity="18">
          <methods>
            <method name="get_Cities" signature="()" line-rate="0" branch-rate="1" complexity="1">
              <lines>
                <line number="14" hits="0" branch="False" />
              </lines>
            </method>
            <method name="get_DeliveryPartners" signature="()" line-rate="0" branch-rate="1" complexity="1">
              <lines>
                <line number="15" hits="0" branch="False" />
              </lines>
            </method>
            <method name="get_Menus" signature="()" line-rate="0" branch-rate="1" complexity="1">
              <lines>
                <line number="16" hits="0" branch="False" />
              </lines>
            </method>
            <method name="get_NutritionalInfos" signature="()" line-rate="0" branch-rate="1" complexity="1">
              <lines>
                <line number="17" hits="0" branch="False" />
              </lines>
            </method>
            <method name="get_Orders" signature="()" line-rate="0" branch-rate="1" complexity="1">
              <lines>
                <line number="18" hits="0" branch="False" />
              </lines>
            </method>
            <method name="get_OrderItems" signature="()" line-rate="0" branch-rate="1" complexity="1">
              <lines>
                <line number="19" hits="0" branch="False" />
              </lines>
            </method>
            <method name="get_Payments" signature="()" line-rate="0" branch-rate="1" complexity="1">
              <lines>
                <line number="20" hits="0" branch="False" />
              </lines>
            </method>
            <method name="get_Restaurants" signature="()" line-rate="0" branch-rate="1" complexity="1">
              <lines>
                <line number="21" hits="0" branch="False" />
              </lines>
            </method>
            <method name="get_RestaurantSpecialities" signature="()" line-rate="0" branch-rate="1" complexity="1">
              <lines>
                <line number="22" hits="0" branch="False" />
              </lines>
            </method>
            <method name="get_States" signature="()" line-rate="0" branch-rate="1" complexity="1">
              <lines>
                <line number="23" hits="0" branch="False" />
              </lines>
            </method>
            <method name="get_Customers" signature="()" line-rate="0" branch-rate="1" complexity="1">
              <lines>
                <line number="24" hits="0" branch="False" />
              </lines>
            </method>
            <method name="get_CustomerAddresses" signature="()" line-rate="0" branch-rate="1" complexity="1">
              <lines>
                <line number="25" hits="0" branch="False" />
              </lines>
            </method>
            <method name="get_CustomerReviews" signature="()" line-rate="0" branch-rate="1" complexity="1">
              <lines>
                <line number="26" hits="0" branch="False" />
              </lines>
            </method>
            <method name="get_Users" signature="()" line-rate="0" branch-rate="1" complexity="1">
              <lines>
                <line number="27" hits="0" branch="False" />
              </lines>
            </method>
            <method name="get_RestaurantOwners" signature="()" line-rate="0" branch-rate="1" complexity="1">
              <lines>
                <line number="28" hits="0" branch="False" />
              </lines>
            </method>
            <method name="get_Carts" signature="()" line-rate="0" branch-rate="1" complexity="1">
              <lines>
                <line number="29" hits="0" branch="False" />
              </lines>
            </method>
            <method name="OnModelCreating" signature="(Microsoft.EntityFrameworkCore.ModelBuilder)" line-rate="0" branch-rate="1" complexity="1">
              <lines>
                <line number="32" hits="0" branch="False" />
                <line number="34" hits="0" branch="False" />
                <line number="35" hits="0" branch="False" />
                <line number="37" hits="0" branch="False" />
              </lines>
            </method>
            <method name=".ctor" signature="(Microsoft.EntityFrameworkCore.DbContextOptions)" line-rate="0" branch-rate="1" complexity="1">
              <lines>
                <line number="10" hits="0" branch="False" />
                <line number="11" hits="0" branch="False" />
                <line number="12" hits="0" branch="False" />
              </lines>
            </method>
          </methods>
          <lines>
            <line number="14" hits="0" branch="False" />
            <line number="15" hits="0" branch="False" />
            <line number="16" hits="0" branch="False" />
            <line number="17" hits="0" branch="False" />
            <line number="18" hits="0" branch="False" />
            <line number="19" hits="0" branch="False" />
            <line number="20" hits="0" branch="False" />
            <line number="21" hits="0" branch="False" />
            <line number="22" hits="0" branch="False" />
            <line number="23" hits="0" branch="False" />
            <line number="24" hits="0" branch="False" />
            <line number="25" hits="0" branch="False" />
            <line number="26" hits="0" branch="False" />
            <line number="27" hits="0" branch="False" />
            <line number="28" hits="0" branch="False" />
            <line number="29" hits="0" branch="False" />
            <line number="32" hits="0" branch="False" />
            <line number="34" hits="0" branch="False" />
            <line number="35" hits="0" branch="False" />
            <line number="37" hits="0" branch="False" />
            <line number="10" hits="0" branch="False" />
            <line number="11" hits="0" branch="False" />
            <line number="12" hits="0" branch="False" />
          </lines>
        </class>
      </classes>
    </package>
  </packages>
</coverage>